-------------------------------------------------------------------------------
Test set: com.oxylons.SpringBootWebApplicationTest
-------------------------------------------------------------------------------
Tests run: 8, Failures: 0, Errors: 8, Skipped: 0, Time elapsed: 16.309 s <<< FAILURE! - in com.oxylons.SpringBootWebApplicationTest
ParentTask(com.oxylons.SpringBootWebApplicationTest)  Time elapsed: 0.004 s  <<< ERROR!
java.lang.IllegalStateException: Failed to load ApplicationContext
Caused by: org.springframework.beans.factory.UnsatisfiedDependencyException: Error creating bean with name 'loginController': Unsatisfied dependency expressed through field 'loginService'; nested exception is org.springframework.beans.factory.BeanCreationException: Error creating bean with name 'loginServiceImpl': Injection of autowired dependencies failed; nested exception is java.lang.IllegalArgumentException: Could not resolve placeholder 'oauth.token.url' in value "${oauth.token.url}"
Caused by: org.springframework.beans.factory.BeanCreationException: Error creating bean with name 'loginServiceImpl': Injection of autowired dependencies failed; nested exception is java.lang.IllegalArgumentException: Could not resolve placeholder 'oauth.token.url' in value "${oauth.token.url}"
Caused by: java.lang.IllegalArgumentException: Could not resolve placeholder 'oauth.token.url' in value "${oauth.token.url}"

addTask(com.oxylons.SpringBootWebApplicationTest)  Time elapsed: 0.001 s  <<< ERROR!
java.lang.IllegalStateException: Failed to load ApplicationContext
Caused by: org.springframework.beans.factory.UnsatisfiedDependencyException: Error creating bean with name 'loginController': Unsatisfied dependency expressed through field 'loginService'; nested exception is org.springframework.beans.factory.BeanCreationException: Error creating bean with name 'loginServiceImpl': Injection of autowired dependencies failed; nested exception is java.lang.IllegalArgumentException: Could not resolve placeholder 'oauth.token.url' in value "${oauth.token.url}"
Caused by: org.springframework.beans.factory.BeanCreationException: Error creating bean with name 'loginServiceImpl': Injection of autowired dependencies failed; nested exception is java.lang.IllegalArgumentException: Could not resolve placeholder 'oauth.token.url' in value "${oauth.token.url}"
Caused by: java.lang.IllegalArgumentException: Could not resolve placeholder 'oauth.token.url' in value "${oauth.token.url}"

endTask(com.oxylons.SpringBootWebApplicationTest)  Time elapsed: 0 s  <<< ERROR!
java.lang.IllegalStateException: Failed to load ApplicationContext
Caused by: org.springframework.beans.factory.UnsatisfiedDependencyException: Error creating bean with name 'loginController': Unsatisfied dependency expressed through field 'loginService'; nested exception is org.springframework.beans.factory.BeanCreationException: Error creating bean with name 'loginServiceImpl': Injection of autowired dependencies failed; nested exception is java.lang.IllegalArgumentException: Could not resolve placeholder 'oauth.token.url' in value "${oauth.token.url}"
Caused by: org.springframework.beans.factory.BeanCreationException: Error creating bean with name 'loginServiceImpl': Injection of autowired dependencies failed; nested exception is java.lang.IllegalArgumentException: Could not resolve placeholder 'oauth.token.url' in value "${oauth.token.url}"
Caused by: java.lang.IllegalArgumentException: Could not resolve placeholder 'oauth.token.url' in value "${oauth.token.url}"

getParent(com.oxylons.SpringBootWebApplicationTest)  Time elapsed: 0.001 s  <<< ERROR!
java.lang.IllegalStateException: Failed to load ApplicationContext
Caused by: org.springframework.beans.factory.UnsatisfiedDependencyException: Error creating bean with name 'loginController': Unsatisfied dependency expressed through field 'loginService'; nested exception is org.springframework.beans.factory.BeanCreationException: Error creating bean with name 'loginServiceImpl': Injection of autowired dependencies failed; nested exception is java.lang.IllegalArgumentException: Could not resolve placeholder 'oauth.token.url' in value "${oauth.token.url}"
Caused by: org.springframework.beans.factory.BeanCreationException: Error creating bean with name 'loginServiceImpl': Injection of autowired dependencies failed; nested exception is java.lang.IllegalArgumentException: Could not resolve placeholder 'oauth.token.url' in value "${oauth.token.url}"
Caused by: java.lang.IllegalArgumentException: Could not resolve placeholder 'oauth.token.url' in value "${oauth.token.url}"

getTask(com.oxylons.SpringBootWebApplicationTest)  Time elapsed: 0 s  <<< ERROR!
java.lang.IllegalStateException: Failed to load ApplicationContext
Caused by: org.springframework.beans.factory.UnsatisfiedDependencyException: Error creating bean with name 'loginController': Unsatisfied dependency expressed through field 'loginService'; nested exception is org.springframework.beans.factory.BeanCreationException: Error creating bean with name 'loginServiceImpl': Injection of autowired dependencies failed; nested exception is java.lang.IllegalArgumentException: Could not resolve placeholder 'oauth.token.url' in value "${oauth.token.url}"
Caused by: org.springframework.beans.factory.BeanCreationException: Error creating bean with name 'loginServiceImpl': Injection of autowired dependencies failed; nested exception is java.lang.IllegalArgumentException: Could not resolve placeholder 'oauth.token.url' in value "${oauth.token.url}"
Caused by: java.lang.IllegalArgumentException: Could not resolve placeholder 'oauth.token.url' in value "${oauth.token.url}"

getTaskList(com.oxylons.SpringBootWebApplicationTest)  Time elapsed: 0 s  <<< ERROR!
java.lang.IllegalStateException: Failed to load ApplicationContext
Caused by: org.springframework.beans.factory.UnsatisfiedDependencyException: Error creating bean with name 'loginController': Unsatisfied dependency expressed through field 'loginService'; nested exception is org.springframework.beans.factory.BeanCreationException: Error creating bean with name 'loginServiceImpl': Injection of autowired dependencies failed; nested exception is java.lang.IllegalArgumentException: Could not resolve placeholder 'oauth.token.url' in value "${oauth.token.url}"
Caused by: org.springframework.beans.factory.BeanCreationException: Error creating bean with name 'loginServiceImpl': Injection of autowired dependencies failed; nested exception is java.lang.IllegalArgumentException: Could not resolve placeholder 'oauth.token.url' in value "${oauth.token.url}"
Caused by: java.lang.IllegalArgumentException: Could not resolve placeholder 'oauth.token.url' in value "${oauth.token.url}"

invalidDate(com.oxylons.SpringBootWebApplicationTest)  Time elapsed: 0.011 s  <<< ERROR!
java.lang.IllegalStateException: Failed to load ApplicationContext
Caused by: org.springframework.beans.factory.UnsatisfiedDependencyException: Error creating bean with name 'loginController': Unsatisfied dependency expressed through field 'loginService'; nested exception is org.springframework.beans.factory.BeanCreationException: Error creating bean with name 'loginServiceImpl': Injection of autowired dependencies failed; nested exception is java.lang.IllegalArgumentException: Could not resolve placeholder 'oauth.token.url' in value "${oauth.token.url}"
Caused by: org.springframework.beans.factory.BeanCreationException: Error creating bean with name 'loginServiceImpl': Injection of autowired dependencies failed; nested exception is java.lang.IllegalArgumentException: Could not resolve placeholder 'oauth.token.url' in value "${oauth.token.url}"
Caused by: java.lang.IllegalArgumentException: Could not resolve placeholder 'oauth.token.url' in value "${oauth.token.url}"

updateTask(com.oxylons.SpringBootWebApplicationTest)  Time elapsed: 0 s  <<< ERROR!
java.lang.IllegalStateException: Failed to load ApplicationContext
Caused by: org.springframework.beans.factory.UnsatisfiedDependencyException: Error creating bean with name 'loginController': Unsatisfied dependency expressed through field 'loginService'; nested exception is org.springframework.beans.factory.BeanCreationException: Error creating bean with name 'loginServiceImpl': Injection of autowired dependencies failed; nested exception is java.lang.IllegalArgumentException: Could not resolve placeholder 'oauth.token.url' in value "${oauth.token.url}"
Caused by: org.springframework.beans.factory.BeanCreationException: Error creating bean with name 'loginServiceImpl': Injection of autowired dependencies failed; nested exception is java.lang.IllegalArgumentException: Could not resolve placeholder 'oauth.token.url' in value "${oauth.token.url}"
Caused by: java.lang.IllegalArgumentException: Could not resolve placeholder 'oauth.token.url' in value "${oauth.token.url}"

